

times in msec
 clock   self+sourced   self:  sourced script
 clock   elapsed:              other lines

000.023  000.023: --- NVIM STARTING ---
001.098  001.075: locale set
002.824  001.726: inits 1
002.895  000.071: window checked
002.914  000.018: parsing arguments
025.377  022.463: init lua interpreter
026.261  000.884: expanding arguments
026.424  000.163: inits 2
029.077  002.653: init highlight
029.094  000.017: waiting for UI
035.038  005.945: done waiting for UI
035.084  000.046: init screen for UI
035.218  000.134: init default mappings
035.416  000.198: init default autocommands
041.713  000.385  000.385: sourcing /data/data/com.termux/files/usr/share/nvim/runtime/ftplugin.vim
042.588  000.271  000.271: sourcing /data/data/com.termux/files/usr/share/nvim/runtime/indent.vim
043.026  000.228  000.228: sourcing $VIM/sysinit.vim
085.850  042.672  042.672: sourcing /data/data/com.termux/files/home/.config/nvim/init.lua
085.912  006.941: sourcing vimrc file(s)
093.881  002.114  002.114: sourcing /data/data/com.termux/files/usr/share/nvim/runtime/filetype.lua
094.206  000.127  000.127: sourcing /data/data/com.termux/files/usr/share/nvim/runtime/filetype.vim
095.826  000.698  000.698: sourcing /data/data/com.termux/files/usr/share/nvim/runtime/syntax/synload.vim
096.449  002.085  001.387: sourcing /data/data/com.termux/files/usr/share/nvim/runtime/syntax/syntax.vim
108.770  005.768  005.768: sourcing /data/data/com.termux/files/usr/share/nvim/runtime/plugin/fzf.vim
109.040  000.103  000.103: sourcing /data/data/com.termux/files/usr/share/nvim/runtime/plugin/gzip.vim
109.219  000.075  000.075: sourcing /data/data/com.termux/files/usr/share/nvim/runtime/plugin/health.vim
109.537  000.218  000.218: sourcing /data/data/com.termux/files/usr/share/nvim/runtime/plugin/man.vim
109.787  000.147  000.147: sourcing /data/data/com.termux/files/usr/share/nvim/runtime/plugin/matchit.vim
111.459  001.566  001.566: sourcing /data/data/com.termux/files/usr/share/nvim/runtime/plugin/matchparen.vim
111.791  000.164  000.164: sourcing /data/data/com.termux/files/usr/share/nvim/runtime/plugin/netrwPlugin.vim
113.061  000.091  000.091: sourcing /data/data/com.termux/files/home/.local/share/nvim/rplugin.vim
113.125  001.226  001.135: sourcing /data/data/com.termux/files/usr/share/nvim/runtime/plugin/rplugin.vim
113.755  000.526  000.526: sourcing /data/data/com.termux/files/usr/share/nvim/runtime/plugin/shada.vim
114.037  000.104  000.104: sourcing /data/data/com.termux/files/usr/share/nvim/runtime/plugin/spellfile.vim
114.351  000.160  000.160: sourcing /data/data/com.termux/files/usr/share/nvim/runtime/plugin/tarPlugin.vim
114.590  000.095  000.095: sourcing /data/data/com.termux/files/usr/share/nvim/runtime/plugin/tohtml.vim
114.855  000.143  000.143: sourcing /data/data/com.termux/files/usr/share/nvim/runtime/plugin/tutor.vim
115.132  000.154  000.154: sourcing /data/data/com.termux/files/usr/share/nvim/runtime/plugin/zipPlugin.vim
137.945  010.843  010.843: sourcing /data/data/com.termux/files/home/.local/share/nvim/site/pack/packer/start/material.nvim/colors/material.vim
139.219  023.470  012.626: sourcing /data/data/com.termux/files/home/.config/nvim/plugin/packer_compiled.lua
141.875  017.718: loading rtp plugins
144.745  000.249  000.249: sourcing /data/data/com.termux/files/home/.local/share/nvim/site/pack/packer/start/plenary.nvim/plugin/plenary.vim
145.972  000.072  000.072: sourcing /data/data/com.termux/files/home/.local/share/nvim/site/pack/packer/start/which-key.nvim/plugin/which-key.vim
147.806  005.611: loading packages
147.822  000.016: loading after plugins
147.909  000.088: inits 3
150.802  002.893: reading ShaDa
150.981  000.179: opening buffers
150.994  000.013: BufEnter autocommands
151.010  000.017: editing files in windows
196.064  045.053: VimEnter autocommands
196.091  000.027: UIEnter autocommands
199.301  002.423  002.423: sourcing /data/data/com.termux/files/usr/share/nvim/runtime/autoload/provider/clipboard.vim
199.364  000.849: before starting main loop
201.219  001.856: first screen update
201.240  000.020: --- NVIM STARTED ---
